<?xml version="1.0" encoding="UTF-8"?>
<!-- Generated by org.testng.reporters.JUnitXMLReporter -->
<testsuite hostname="LAPTOP-LTHFSPB6" ignored="1" name="Test" tests="3" failures="0" timestamp="2022-07-28T20:32:17 IST" time="0.055" errors="0">
  <testcase name="bMethod" time="0.01" classname="com.testng.Testng_Grouping"/>
  <testcase name="cMethod" time="0.001" classname="com.testng.Testng_Grouping"/>
  <testcase name="dMethod" time="0.001" classname="com.testng.Testng_Grouping"/>
  <testcase name="aMethod" time="0.0" classname="com.testng.Testng_Grouping">
    <ignored/>
  </testcase> <!-- aMethod -->
</testsuite> <!-- Test -->
